<?xml version="1.0" encoding="UTF-8"?>
<!-- Generated by org.testng.reporters.JUnitReportReporter -->
<testsuite skipped="0" hostname="Harmeet-PC" name="assignmentFramework.radioBtn" tests="1" failures="0" timestamp="2020-03-08T18:02:52 IST" time="26.519" errors="0">
  <testcase name="radio" time="26.519" classname="assignmentFramework.radioBtn"/>
  <system-out/>
</testsuite> <!-- assignmentFramework.radioBtn -->
