<?xml version="1.0" encoding="UTF-8"?>
<!-- Generated by org.testng.reporters.JUnitReportReporter -->
<testsuite skipped="0" hostname="Harmeet-PC" name="assignmentFramework.dropdown" tests="1" failures="0" timestamp="03 Jan 2020 18:35:17 GMT" time="22.999" errors="0">
  <testcase name="dropD" time="22.999" classname="assignmentFramework.dropdown"/>
</testsuite> <!-- assignmentFramework.dropdown -->
