<?xml version="1.0" encoding="UTF-8"?>
<!-- Generated by org.testng.reporters.JUnitReportReporter -->
<testsuite skipped="0" hostname="Harmeet-PC" name="testNGtest.DataProviderPara" tests="6" failures="0" timestamp="03 Jan 2020 11:15:32 GMT" time="0.023" errors="0">
  <testcase name="registerUser" time="0.000" classname="testNGtest.DataProviderPara"/>
  <testcase name="LoginUser" time="0.000" classname="testNGtest.DataProviderPara"/>
  <testcase name="LoginUser" time="0.023" classname="testNGtest.DataProviderPara"/>
  <testcase name="LoginUser" time="0.000" classname="testNGtest.DataProviderPara"/>
  <testcase name="registerUser" time="0.000" classname="testNGtest.DataProviderPara"/>
  <testcase name="registerUser" time="0.000" classname="testNGtest.DataProviderPara"/>
</testsuite> <!-- testNGtest.DataProviderPara -->
