<?xml version="1.0" encoding="UTF-8"?>
<!-- Generated by org.testng.reporters.JUnitReportReporter -->
<testsuite skipped="0" hostname="Harmeet-PC" name="assignmentFramework.CheckBox" tests="1" failures="0" timestamp="2020-12-28T17:04:18 IST" time="24.777" errors="0">
  <testcase name="Check" time="24.777" classname="assignmentFramework.CheckBox"/>
  <system-out/>
</testsuite> <!-- assignmentFramework.CheckBox -->
