<?xml version="1.0" encoding="UTF-8"?>
<!-- Generated by org.testng.reporters.JUnitReportReporter -->
<testsuite skipped="0" hostname="Harmeet-PC" name="interactions.DynamicTablecontent" tests="1" failures="0" timestamp="06 Jan 2020 08:36:00 GMT" time="17.817" errors="0">
  <testcase name="sort" time="17.817" classname="interactions.DynamicTablecontent"/>
</testsuite> <!-- interactions.DynamicTablecontent -->
