<?xml version="1.0" encoding="UTF-8"?>
<!-- Generated by org.testng.reporters.JUnitReportReporter -->
<testsuite skipped="0" hostname="Harmeet-PC" name="assignmentFramework.App" tests="1" failures="0" timestamp="20 Jan 2020 10:04:20 GMT" time="21.468" errors="0">
  <testcase name="AppRun" time="21.468" classname="assignmentFramework.App"/>
</testsuite> <!-- assignmentFramework.App -->
