<?xml version="1.0" encoding="UTF-8"?>
<!-- Generated by org.testng.reporters.JUnitReportReporter -->
<testsuite skipped="0" hostname="Harmeet-PC" name="testNGtest.Cookiesdemo" tests="1" failures="0" timestamp="25 Feb 2020 15:18:04 GMT" time="28.904" errors="0">
  <testcase name="Test01" time="28.904" classname="testNGtest.Cookiesdemo"/>
</testsuite> <!-- testNGtest.Cookiesdemo -->
