<?xml version="1.0" encoding="UTF-8"?>
<!-- Generated by org.testng.reporters.JUnitReportReporter -->
<testsuite skipped="0" hostname="Harmeet-PC" name="assignmentFramework.jQuery" tests="3" failures="0" timestamp="24 Jan 2020 10:18:53 GMT" time="93.531" errors="0">
  <testcase name="Search" time="26.840" classname="assignmentFramework.jQuery"/>
  <testcase name="Category" time="36.256" classname="assignmentFramework.jQuery"/>
  <testcase name="SearchBox" time="30.435" classname="assignmentFramework.jQuery"/>
</testsuite> <!-- assignmentFramework.jQuery -->
