<?xml version="1.0" encoding="UTF-8"?>
<!-- Generated by org.testng.reporters.JUnitReportReporter -->
<testsuite skipped="0" hostname="Harmeet-PC" name="AssignmentFramework.AssignmentFramework.CheckBox" tests="1" failures="0" timestamp="02 Jan 2020 06:03:22 GMT" time="24.744" errors="0">
  <testcase name="Check" time="24.744" classname="AssignmentFramework.AssignmentFramework.CheckBox"/>
</testsuite> <!-- AssignmentFramework.AssignmentFramework.CheckBox -->
