<?xml version="1.0" encoding="UTF-8"?>
<!-- Generated by org.testng.reporters.JUnitReportReporter -->
<testsuite skipped="0" hostname="Harmeet-PC" name="com.pcs.collections.ArrayListDemo" tests="1" failures="0" timestamp="2020-08-28T20:12:34 IST" time="0.016" errors="0">
  <testcase name="func" time="0.016" classname="com.pcs.collections.ArrayListDemo"/>
  <system-out/>
</testsuite> <!-- com.pcs.collections.ArrayListDemo -->
