<?xml version="1.0" encoding="UTF-8"?>
<!-- Generated by org.testng.reporters.JUnitReportReporter -->
<testsuite skipped="0" hostname="Harmeet-PC" name="assignmentFramework.ajaxForm" tests="1" failures="0" timestamp="24 Jan 2020 10:18:53 GMT" time="19.738" errors="0">
  <testcase name="formAjax" time="19.738" classname="assignmentFramework.ajaxForm"/>
</testsuite> <!-- assignmentFramework.ajaxForm -->
