<?xml version="1.0" encoding="UTF-8"?>
<!-- Generated by org.testng.reporters.JUnitReportReporter -->
<testsuite skipped="0" hostname="Harmeet-PC" name="com.pcs.collections.HashSetDemo" tests="1" failures="0" timestamp="2020-03-08T16:16:47 IST" time="0.012" errors="0">
  <testcase name="func" time="0.012" classname="com.pcs.collections.HashSetDemo"/>
  <system-out/>
</testsuite> <!-- com.pcs.collections.HashSetDemo -->
