<?xml version="1.0" encoding="UTF-8"?>
<!-- Generated by org.testng.reporters.JUnitReportReporter -->
<testsuite skipped="0" hostname="Harmeet-PC" name="assignmentFramework.App" tests="1" failures="0" timestamp="2020-12-31T14:20:49 IST" time="16.912" errors="0">
  <testcase name="AppRun" time="16.912" classname="assignmentFramework.App"/>
  <system-out/>
</testsuite> <!-- assignmentFramework.App -->
