<?xml version="1.0" encoding="UTF-8"?>
<!-- Generated by org.testng.reporters.JUnitReportReporter -->
<testsuite skipped="0" hostname="Harmeet-PC" name="AssignmentFramework.AssignmentFramework.App" tests="1" failures="0" timestamp="01 Jan 2020 18:42:43 GMT" time="14.913" errors="0">
  <testcase name="AppRun" time="14.913" classname="AssignmentFramework.AssignmentFramework.App"/>
</testsuite> <!-- AssignmentFramework.AssignmentFramework.App -->
