<?xml version="1.0" encoding="UTF-8"?>
<!-- Generated by org.testng.reporters.JUnitReportReporter -->
<testsuite skipped="0" hostname="Harmeet-PC" name="testNGtest.DataProviderPara" tests="6" failures="0" timestamp="2020-10-29T13:49:14 IST" time="0.008" errors="0">
  <testcase name="LoginUser" time="0.008" classname="testNGtest.DataProviderPara"/>
  <system-out/>
  <testcase name="LoginUser" time="0.000" classname="testNGtest.DataProviderPara"/>
  <system-out/>
  <testcase name="registerUser" time="0.000" classname="testNGtest.DataProviderPara"/>
  <system-out/>
  <testcase name="registerUser" time="0.000" classname="testNGtest.DataProviderPara"/>
  <system-out/>
  <testcase name="LoginUser" time="0.000" classname="testNGtest.DataProviderPara"/>
  <system-out/>
  <testcase name="registerUser" time="0.000" classname="testNGtest.DataProviderPara"/>
  <system-out/>
</testsuite> <!-- testNGtest.DataProviderPara -->
