<?xml version="1.0" encoding="UTF-8"?>
<!-- Generated by org.testng.reporters.JUnitReportReporter -->
<testsuite skipped="0" hostname="Harmeet-PC" name="assignmentFramework.jQuery" tests="3" failures="0" timestamp="03 Jan 2020 10:15:35 GMT" time="77.458" errors="0">
  <testcase name="Category" time="24.105" classname="assignmentFramework.jQuery"/>
  <testcase name="SearchBox" time="26.372" classname="assignmentFramework.jQuery"/>
  <testcase name="Search" time="26.981" classname="assignmentFramework.jQuery"/>
</testsuite> <!-- assignmentFramework.jQuery -->
