<?xml version="1.0" encoding="UTF-8"?>
<!-- Generated by org.testng.reporters.JUnitReportReporter -->
<testsuite skipped="0" hostname="Harmeet-PC" name="assignmentFramework.ABtest" tests="1" failures="0" timestamp="2020-12-31T14:20:49 IST" time="18.399" errors="0">
  <testcase name="f" time="18.399" classname="assignmentFramework.ABtest"/>
  <system-out/>
</testsuite> <!-- assignmentFramework.ABtest -->
