<?xml version="1.0" encoding="UTF-8"?>
<!-- Generated by org.testng.reporters.JUnitReportReporter -->
<testsuite skipped="0" hostname="Harmeet-PC" name="assignmentFramework.dropdown" tests="1" failures="0" timestamp="05 Mar 2020 12:55:28 GMT" time="31.973" errors="0">
  <testcase name="dropD" time="31.973" classname="assignmentFramework.dropdown"/>
</testsuite> <!-- assignmentFramework.dropdown -->
