<?xml version="1.0" encoding="UTF-8"?>
<!-- Generated by org.testng.reporters.JUnitReportReporter -->
<testsuite skipped="0" hostname="Harmeet-PC" name="testNGtest.MultiThread" tests="1" failures="0" timestamp="24 Feb 2020 08:38:28 GMT" time="1.023" errors="0">
  <testcase name="func" time="1.023" classname="testNGtest.MultiThread"/>
</testsuite> <!-- testNGtest.MultiThread -->
