<?xml version="1.0" encoding="UTF-8"?>
<!-- Generated by org.testng.reporters.JUnitReportReporter -->
<testsuite skipped="0" hostname="Harmeet-PC" name="assignmentFramework.CheckBox" tests="1" failures="0" timestamp="2020-12-31T14:20:49 IST" time="25.345" errors="0">
  <testcase name="Check" time="25.345" classname="assignmentFramework.CheckBox"/>
  <system-out/>
</testsuite> <!-- assignmentFramework.CheckBox -->
