<?xml version="1.0" encoding="UTF-8"?>
<!-- Generated by org.testng.reporters.JUnitReportReporter -->
<testsuite skipped="0" hostname="Harmeet-PC" name="assignmentFramework.ABtest" tests="1" failures="0" timestamp="2020-12-28T17:28:46 IST" time="12.709" errors="0">
  <testcase name="f" time="12.709" classname="assignmentFramework.ABtest"/>
  <system-out/>
</testsuite> <!-- assignmentFramework.ABtest -->
