<?xml version="1.0" encoding="UTF-8"?>
<!-- Generated by org.testng.reporters.JUnitReportReporter -->
<testsuite skipped="0" hostname="Harmeet-PC" name="assignmentFramework.AddRemove" tests="1" failures="0" timestamp="03 Jan 2020 10:15:35 GMT" time="18.580" errors="0">
  <testcase name="Element" time="18.580" classname="assignmentFramework.AddRemove"/>
</testsuite> <!-- assignmentFramework.AddRemove -->
