<?xml version="1.0" encoding="UTF-8"?>
<!-- Generated by org.testng.reporters.JUnitReportReporter -->
<testsuite skipped="0" hostname="Harmeet-PC" name="assignmentFramework.App" tests="1" failures="0" timestamp="2020-12-28T17:03:20 IST" time="21.740" errors="0">
  <testcase name="AppRun" time="21.740" classname="assignmentFramework.App"/>
  <system-out/>
</testsuite> <!-- assignmentFramework.App -->
