<?xml version="1.0" encoding="UTF-8"?>
<!-- Generated by org.testng.reporters.JUnitReportReporter -->
<testsuite skipped="0" hostname="Harmeet-PC" name="assignmentFramework.AddRemove" tests="1" failures="0" timestamp="2020-03-08T16:42:46 IST" time="22.798" errors="0">
  <testcase name="Element" time="22.798" classname="assignmentFramework.AddRemove"/>
  <system-out/>
</testsuite> <!-- assignmentFramework.AddRemove -->
