<?xml version="1.0" encoding="UTF-8"?>
<!-- Generated by org.testng.reporters.JUnitReportReporter -->
<testsuite skipped="0" hostname="Harmeet-PC" name="assignmentFramework.AddRemove" tests="1" failures="0" timestamp="24 Jan 2020 10:18:53 GMT" time="20.156" errors="0">
  <testcase name="Element" time="20.156" classname="assignmentFramework.AddRemove"/>
</testsuite> <!-- assignmentFramework.AddRemove -->
