<?xml version="1.0" encoding="UTF-8"?>
<!-- Generated by org.testng.reporters.JUnitReportReporter -->
<testsuite skipped="0" hostname="Harmeet-PC" name="assignmentFramework.dropdown" tests="1" failures="0" timestamp="2020-12-28T17:07:38 IST" time="20.378" errors="0">
  <testcase name="dropD" time="20.378" classname="assignmentFramework.dropdown"/>
  <system-out/>
</testsuite> <!-- assignmentFramework.dropdown -->
