<?xml version="1.0" encoding="UTF-8"?>
<!-- Generated by org.testng.reporters.JUnitReportReporter -->
<testsuite skipped="0" hostname="Harmeet-PC" name="assignmentFramework.AddRemove" tests="1" failures="0" timestamp="2020-12-28T17:03:21 IST" time="24.495" errors="0">
  <testcase name="Element" time="24.495" classname="assignmentFramework.AddRemove"/>
  <system-out/>
</testsuite> <!-- assignmentFramework.AddRemove -->
