<?xml version="1.0" encoding="UTF-8"?>
<!-- Generated by org.testng.reporters.JUnitReportReporter -->
<testsuite skipped="0" hostname="Harmeet-PC" name="assignmentFramework.App" tests="1" failures="0" timestamp="03 Jan 2020 18:35:17 GMT" time="15.719" errors="0">
  <testcase name="AppRun" time="15.719" classname="assignmentFramework.App"/>
</testsuite> <!-- assignmentFramework.App -->
