<?xml version="1.0" encoding="UTF-8"?>
<!-- Generated by org.testng.reporters.JUnitReportReporter -->
<testsuite skipped="0" hostname="Harmeet-PC" name="assignmentFramework.AddRemove" tests="1" failures="0" timestamp="04 Jan 2020 06:29:00 GMT" time="18.404" errors="0">
  <testcase name="Element" time="18.404" classname="assignmentFramework.AddRemove"/>
</testsuite> <!-- assignmentFramework.AddRemove -->
