<?xml version="1.0" encoding="UTF-8"?>
<!-- Generated by org.testng.reporters.JUnitReportReporter -->
<testsuite skipped="0" hostname="Harmeet-PC" name="toolPackage.TestGrid" tests="2" failures="0" timestamp="06 Jan 2020 14:23:23 GMT" time="27.882" errors="0">
  <testcase name="test02" time="13.016" classname="toolPackage.TestGrid"/>
  <testcase name="test01" time="14.866" classname="toolPackage.TestGrid"/>
</testsuite> <!-- toolPackage.TestGrid -->
