<?xml version="1.0" encoding="UTF-8"?>
<!-- Generated by org.testng.reporters.JUnitReportReporter -->
<testsuite skipped="0" hostname="Harmeet-PC" name="testNGtest.DataProviderPara" tests="6" failures="0" timestamp="04 Jan 2020 14:42:17 GMT" time="0.028" errors="0">
  <testcase name="registerUser" time="0.002" classname="testNGtest.DataProviderPara"/>
  <testcase name="LoginUser" time="0.002" classname="testNGtest.DataProviderPara"/>
  <testcase name="LoginUser" time="0.020" classname="testNGtest.DataProviderPara"/>
  <testcase name="LoginUser" time="0.002" classname="testNGtest.DataProviderPara"/>
  <testcase name="registerUser" time="0.001" classname="testNGtest.DataProviderPara"/>
  <testcase name="registerUser" time="0.001" classname="testNGtest.DataProviderPara"/>
</testsuite> <!-- testNGtest.DataProviderPara -->
