<?xml version="1.0" encoding="UTF-8"?>
<!-- Generated by org.testng.reporters.JUnitReportReporter -->
<testsuite skipped="0" hostname="Harmeet-PC" name="assignmentFramework.dropdown" tests="1" failures="0" timestamp="2020-12-28T17:28:46 IST" time="20.642" errors="0">
  <testcase name="dropD" time="20.642" classname="assignmentFramework.dropdown"/>
  <system-out/>
</testsuite> <!-- assignmentFramework.dropdown -->
