<?xml version="1.0" encoding="UTF-8"?>
<!-- Generated by org.testng.reporters.JUnitReportReporter -->
<testsuite skipped="0" hostname="Harmeet-PC" name="interactions.FireFoxGridTC" tests="1" failures="0" timestamp="07 Jan 2020 10:28:19 GMT" time="25.691" errors="0">
  <testcase name="DemoTC" time="25.691" classname="interactions.FireFoxGridTC"/>
</testsuite> <!-- interactions.FireFoxGridTC -->
