<?xml version="1.0" encoding="UTF-8"?>
<!-- Generated by org.testng.reporters.JUnitReportReporter -->
<testsuite skipped="0" hostname="Harmeet-PC" name="assignmentFramework.App" tests="1" failures="0" timestamp="24 Jan 2020 10:18:53 GMT" time="18.547" errors="0">
  <testcase name="AppRun" time="18.547" classname="assignmentFramework.App"/>
</testsuite> <!-- assignmentFramework.App -->
