<?xml version="1.0" encoding="UTF-8"?>
<!-- Generated by org.testng.reporters.JUnitReportReporter -->
<testsuite skipped="0" hostname="Harmeet-PC" name="AssignmentFramework.AssignmentFramework.BasicAuth" tests="1" failures="0" timestamp="02 Jan 2020 05:46:44 GMT" time="31.703" errors="0">
  <testcase name="Auth" time="31.703" classname="AssignmentFramework.AssignmentFramework.BasicAuth"/>
</testsuite> <!-- AssignmentFramework.AssignmentFramework.BasicAuth -->
