<?xml version="1.0" encoding="UTF-8"?>
<!-- Generated by org.testng.reporters.JUnitReportReporter -->
<testsuite skipped="0" hostname="Harmeet-PC" name="assignmentFramework.ajaxForm" tests="1" failures="0" timestamp="2020-12-28T17:03:21 IST" time="13.589" errors="0">
  <testcase name="formAjax" time="13.589" classname="assignmentFramework.ajaxForm"/>
  <system-out/>
</testsuite> <!-- assignmentFramework.ajaxForm -->
