<?xml version="1.0" encoding="UTF-8"?>
<!-- Generated by org.testng.reporters.JUnitReportReporter -->
<testsuite skipped="0" hostname="Harmeet-PC" name="interactions.Sortable" tests="1" failures="0" timestamp="04 Jan 2020 14:58:05 GMT" time="17.373" errors="0">
  <testcase name="sort" time="17.373" classname="interactions.Sortable"/>
</testsuite> <!-- interactions.Sortable -->
