<?xml version="1.0" encoding="UTF-8"?>
<!-- Generated by org.testng.reporters.JUnitReportReporter -->
<testsuite skipped="0" hostname="Harmeet-PC" name="AssignmentFramework.AssignmentFramework.AddRemove" tests="1" failures="0" timestamp="01 Jan 2020 18:42:43 GMT" time="20.112" errors="0">
  <testcase name="Element" time="20.112" classname="AssignmentFramework.AssignmentFramework.AddRemove"/>
</testsuite> <!-- AssignmentFramework.AssignmentFramework.AddRemove -->
