<?xml version="1.0" encoding="UTF-8"?>
<!-- Generated by org.testng.reporters.JUnitReportReporter -->
<testsuite skipped="0" hostname="Harmeet-PC" name="assignmentFramework.jQuery" tests="3" failures="0" timestamp="03 Jan 2020 18:35:17 GMT" time="62.883" errors="0">
  <testcase name="Search" time="20.302" classname="assignmentFramework.jQuery"/>
  <testcase name="Category" time="20.345" classname="assignmentFramework.jQuery"/>
  <testcase name="SearchBox" time="22.236" classname="assignmentFramework.jQuery"/>
</testsuite> <!-- assignmentFramework.jQuery -->
