<?xml version="1.0" encoding="UTF-8"?>
<!-- Generated by org.testng.reporters.JUnitReportReporter -->
<testsuite skipped="0" hostname="Harmeet-PC" name="assignmentFramework.ajaxForm" tests="1" failures="0" timestamp="2020-12-31T14:20:49 IST" time="19.948" errors="0">
  <testcase name="formAjax" time="19.948" classname="assignmentFramework.ajaxForm"/>
  <system-out/>
</testsuite> <!-- assignmentFramework.ajaxForm -->
