<?xml version="1.0" encoding="UTF-8"?>
<!-- Generated by org.testng.reporters.JUnitReportReporter -->
<testsuite skipped="0" hostname="Harmeet-PC" name="AssignmentFramework.AssignmentFramework.jQuery" tests="3" failures="0" timestamp="01 Jan 2020 18:42:43 GMT" time="65.594" errors="0">
  <testcase name="Search" time="21.786" classname="AssignmentFramework.AssignmentFramework.jQuery"/>
  <testcase name="SearchBox" time="24.713" classname="AssignmentFramework.AssignmentFramework.jQuery"/>
  <testcase name="Category" time="19.095" classname="AssignmentFramework.AssignmentFramework.jQuery"/>
</testsuite> <!-- AssignmentFramework.AssignmentFramework.jQuery -->
