<?xml version="1.0" encoding="UTF-8"?>
<!-- Generated by org.testng.reporters.JUnitReportReporter -->
<testsuite skipped="0" hostname="Harmeet-PC" name="interactions.GridTC" tests="1" failures="0" timestamp="07 Jan 2020 10:10:01 GMT" time="13.802" errors="0">
  <testcase name="DemoTC" time="13.802" classname="interactions.GridTC"/>
</testsuite> <!-- interactions.GridTC -->
