<?xml version="1.0" encoding="UTF-8"?>
<!-- Generated by org.testng.reporters.JUnitReportReporter -->
<testsuite skipped="0" hostname="Harmeet-PC" name="AssignmentFramework.AssignmentFramework.dropdown" tests="1" failures="0" timestamp="01 Jan 2020 18:42:43 GMT" time="23.026" errors="0">
  <testcase name="dropD" time="23.026" classname="AssignmentFramework.AssignmentFramework.dropdown"/>
</testsuite> <!-- AssignmentFramework.AssignmentFramework.dropdown -->
