<?xml version="1.0" encoding="UTF-8"?>
<!-- Generated by org.testng.reporters.JUnitReportReporter -->
<testsuite skipped="0" hostname="Harmeet-PC" name="com.pcs.collections.HashSetDemo" tests="1" failures="0" timestamp="2020-12-28T12:14:13 IST" time="0.010" errors="0">
  <testcase name="func" time="0.010" classname="com.pcs.collections.HashSetDemo"/>
  <system-out/>
</testsuite> <!-- com.pcs.collections.HashSetDemo -->
