<?xml version="1.0" encoding="UTF-8"?>
<!-- Generated by org.testng.reporters.JUnitReportReporter -->
<testsuite skipped="0" hostname="Harmeet-PC" name="assignmentFramework.CheckBox" tests="1" failures="0" timestamp="02 Jan 2020 06:15:15 GMT" time="25.821" errors="0">
  <testcase name="Check" time="25.821" classname="assignmentFramework.CheckBox"/>
</testsuite> <!-- assignmentFramework.CheckBox -->
