<?xml version="1.0" encoding="UTF-8"?>
<!-- Generated by org.testng.reporters.JUnitReportReporter -->
<testsuite skipped="0" hostname="Harmeet-PC" name="assignmentFramework.BasicAuth" tests="1" failures="0" timestamp="20 Jan 2020 10:04:20 GMT" time="43.631" errors="0">
  <testcase name="Auth" time="43.631" classname="assignmentFramework.BasicAuth"/>
</testsuite> <!-- assignmentFramework.BasicAuth -->
