<?xml version="1.0" encoding="UTF-8"?>
<!-- Generated by org.testng.reporters.JUnitReportReporter -->
<testsuite skipped="0" hostname="Harmeet-PC" name="interactions.DynamicTablecontent" tests="1" failures="0" timestamp="2020-12-28T22:10:07 IST" time="13.432" errors="0">
  <testcase name="sort" time="13.432" classname="interactions.DynamicTablecontent"/>
  <system-out/>
</testsuite> <!-- interactions.DynamicTablecontent -->
