<?xml version="1.0" encoding="UTF-8"?>
<!-- Generated by org.testng.reporters.JUnitReportReporter -->
<testsuite hostname="Harmeet-PC" name="assignmentFramework.jQuery" tests="3" failures="0" timestamp="9 Jan 2020 10:31:55 GMT" time="88.370" errors="0">
  <testcase name="SearchBox" time="31.443" classname="assignmentFramework.jQuery"/>
  <testcase name="Category" time="32.689" classname="assignmentFramework.jQuery"/>
  <testcase name="Search" time="24.238" classname="assignmentFramework.jQuery"/>
</testsuite> <!-- assignmentFramework.jQuery -->
