<?xml version="1.0" encoding="UTF-8"?>
<!-- Generated by org.testng.reporters.JUnitReportReporter -->
<testsuite hostname="Harmeet-PC" name="assignmentFramework.AddRemove" tests="1" failures="0" timestamp="9 Jan 2020 10:31:55 GMT" time="20.902" errors="0">
  <testcase name="Element" time="20.902" classname="assignmentFramework.AddRemove"/>
</testsuite> <!-- assignmentFramework.AddRemove -->
