<?xml version="1.0" encoding="UTF-8"?>
<!-- Generated by org.testng.reporters.JUnitReportReporter -->
<testsuite hostname="Harmeet-PC" name="assignmentFramework.radioBtn" tests="1" failures="0" timestamp="9 Jan 2020 10:31:55 GMT" time="24.421" errors="0">
  <testcase name="radio" time="24.421" classname="assignmentFramework.radioBtn"/>
</testsuite> <!-- assignmentFramework.radioBtn -->
