<?xml version="1.0" encoding="UTF-8"?>
<!-- Generated by org.testng.reporters.JUnitReportReporter -->
<testsuite hostname="Harmeet-PC" name="assignmentFramework.ajaxForm" tests="1" failures="0" timestamp="9 Jan 2020 10:31:55 GMT" time="21.515" errors="0">
  <testcase name="formAjax" time="21.515" classname="assignmentFramework.ajaxForm"/>
</testsuite> <!-- assignmentFramework.ajaxForm -->
