<?xml version="1.0" encoding="UTF-8"?>
<!-- Generated by org.testng.reporters.JUnitReportReporter -->
<testsuite hostname="Harmeet-PC" name="assignmentFramework.App" tests="1" failures="0" timestamp="9 Jan 2020 10:31:55 GMT" time="17.804" errors="0">
  <testcase name="AppRun" time="17.804" classname="assignmentFramework.App"/>
</testsuite> <!-- assignmentFramework.App -->
