<?xml version="1.0" encoding="UTF-8"?>
<!-- Generated by org.testng.reporters.JUnitReportReporter -->
<testsuite hostname="Harmeet-PC" name="assignmentFramework.CheckBox" tests="1" failures="0" timestamp="9 Jan 2020 10:31:55 GMT" time="25.548" errors="0">
  <testcase name="Check" time="25.548" classname="assignmentFramework.CheckBox"/>
</testsuite> <!-- assignmentFramework.CheckBox -->
