<?xml version="1.0" encoding="UTF-8"?>
<!-- Generated by org.testng.reporters.JUnitReportReporter -->
<testsuite hostname="Harmeet-PC" name="assignmentFramework.dropdown" tests="1" failures="0" timestamp="9 Jan 2020 10:31:55 GMT" time="27.507" errors="0">
  <testcase name="dropD" time="27.507" classname="assignmentFramework.dropdown"/>
</testsuite> <!-- assignmentFramework.dropdown -->
